=================== RESTART ===================
GPIO set up
Connected to MPD
Thread started
[08 Mar 2015 - 17:41:43] ~ Stereo shut down
[08 Mar 2015 - 17:57:44] ~ Stereo turned up
[08 Mar 2015 - 18:17:51] ~ Stereo shut down
[08 Mar 2015 - 18:33:24] ~ Stereo turned up
[08 Mar 2015 - 18:48:48] ~ Stereo shut down
[08 Mar 2015 - 19:29:07] ~ Stereo turned up
[08 Mar 2015 - 19:42:17] ~ Stereo shut down
[08 Mar 2015 - 22:11:38] ~ Stereo turned up
[08 Mar 2015 - 22:17:07] ~ Stereo shut down
[09 Mar 2015 - 06:52:13] ~ Stereo turned up
[09 Mar 2015 - 06:58:35] ~ Stereo shut down
[09 Mar 2015 - 16:14:41] ~ Stereo turned up
[09 Mar 2015 - 16:42:49] ~ Stereo shut down
[09 Mar 2015 - 16:48:46] ~ Stereo turned up
[09 Mar 2015 - 17:11:38] ~ Stereo shut down
[09 Mar 2015 - 17:40:20] ~ Stereo turned up
[09 Mar 2015 - 18:04:06] ~ Stereo shut down
[09 Mar 2015 - 19:46:19] ~ Stereo turned up
[09 Mar 2015 - 20:19:02] ~ Stereo shut down
[10 Mar 2015 - 15:14:34] ~ Stereo turned up
[10 Mar 2015 - 15:28:24] ~ Stereo shut down
[10 Mar 2015 - 16:24:23] ~ Stereo turned up
[10 Mar 2015 - 16:39:49] ~ Stereo shut down
[10 Mar 2015 - 17:11:22] ~ Stereo turned up
[10 Mar 2015 - 17:22:26] ~ Stereo shut down
[10 Mar 2015 - 17:30:06] ~ Stereo turned up
[10 Mar 2015 - 17:35:14] ~ Stereo shut down
[10 Mar 2015 - 17:45:33] ~ Stereo turned up
[10 Mar 2015 - 17:50:43] ~ Stereo shut down
[10 Mar 2015 - 19:05:25] ~ Stereo turned up
[10 Mar 2015 - 19:10:32] ~ Stereo shut down
[11 Mar 2015 - 15:47:02] ~ Stereo turned up
[11 Mar 2015 - 15:52:07] ~ Stereo shut down
[11 Mar 2015 - 16:11:37] ~ Stereo turned up
=================== RESTART ===================
GPIO set up
Connected to MPD
Thread started
[11 Mar 2015 - 16:18:46] ~ Stereo shut down
[11 Mar 2015 - 18:11:12] ~ Stereo turned up
[11 Mar 2015 - 18:17:00] ~ Stereo shut down
[11 Mar 2015 - 18:43:17] ~ Stereo turned up
[11 Mar 2015 - 19:08:19] ~ Stereo shut down
[11 Mar 2015 - 19:08:41] ~ Stereo turned up
[11 Mar 2015 - 19:16:16] ~ Stereo shut down
[12 Mar 2015 - 12:26:28] ~ Stereo turned up
[12 Mar 2015 - 12:38:44] ~ Stereo shut down
[12 Mar 2015 - 16:30:27] ~ Stereo turned up
[12 Mar 2015 - 16:47:47] ~ Stereo shut down
[13 Mar 2015 - 06:54:45] ~ Stereo turned up
=================== RESTART ===================
GPIO set up
Connected to MPD
Thread started
[13 Mar 2015 - 07:06:09] ~ Stereo shut down
[13 Mar 2015 - 07:11:24] ~ Stereo turned up
[13 Mar 2015 - 07:22:38] ~ Stereo shut down
[14 Mar 2015 - 05:46:55] ~ Stereo turned up
[14 Mar 2015 - 06:10:15] ~ Stereo shut down
[14 Mar 2015 - 10:16:34] ~ Stereo turned up
[14 Mar 2015 - 10:23:56] ~ Stereo shut down
[15 Mar 2015 - 02:10:27] ~ Stereo turned up
[15 Mar 2015 - 02:35:21] ~ Stereo shut down
[15 Mar 2015 - 03:27:46] ~ Stereo turned up
[15 Mar 2015 - 04:35:42] ~ Stereo shut down
[15 Mar 2015 - 12:02:46] ~ Stereo turned up
[15 Mar 2015 - 12:15:31] ~ Stereo shut down
[15 Mar 2015 - 12:17:09] ~ Stereo turned up
=================== RESTART ===================
GPIO set up
Connected to MPD
Thread started
[15 Mar 2015 - 23:55:34] ~ Stereo shut down
[16 Mar 2015 - 10:49:39] ~ Stereo turned up
[16 Mar 2015 - 11:13:19] ~ Stereo shut down
[17 Mar 2015 - 06:04:18] ~ Stereo turned up
[17 Mar 2015 - 06:50:23] ~ Stereo shut down
[17 Mar 2015 - 06:52:31] ~ Stereo turned up
[17 Mar 2015 - 07:19:18] ~ Stereo shut down
[17 Mar 2015 - 07:19:54] ~ Stereo turned up
[17 Mar 2015 - 07:26:18] ~ Stereo shut down
[17 Mar 2015 - 07:47:39] ~ Stereo turned up
[17 Mar 2015 - 08:14:54] ~ Stereo shut down
[18 Mar 2015 - 05:32:39] ~ Stereo turned up
[18 Mar 2015 - 05:46:37] ~ Stereo shut down
[18 Mar 2015 - 11:10:28] ~ Stereo turned up
[18 Mar 2015 - 11:15:43] ~ Stereo shut down
[18 Mar 2015 - 23:46:47] ~ Stereo turned up
[18 Mar 2015 - 23:54:21] ~ Stereo shut down
[19 Mar 2015 - 10:26:50] ~ Stereo turned up
=================== RESTART ===================
GPIO set up
Connected to MPD
Thread started
[20 Mar 2015 - 07:35:52] ~ Stereo shut down
[20 Mar 2015 - 07:38:46] ~ Stereo turned up
[20 Mar 2015 - 07:43:54] ~ Stereo shut down
[20 Mar 2015 - 07:44:08] ~ Stereo turned up
=================== RESTART ===================
GPIO set up
Connected to MPD
Thread started
[21 Mar 2015 - 00:11:34] ~ Stereo shut down
[22 Mar 2015 - 05:19:33] ~ Stereo turned up
[22 Mar 2015 - 05:47:00] ~ Stereo shut down
[22 Mar 2015 - 05:49:08] ~ Stereo turned up
[22 Mar 2015 - 05:59:35] ~ Stereo shut down
[22 Mar 2015 - 09:45:36] ~ Stereo turned up
[22 Mar 2015 - 09:51:11] ~ Stereo shut down
[22 Mar 2015 - 11:13:19] ~ Stereo turned up
[22 Mar 2015 - 11:22:17] ~ Stereo shut down
[22 Mar 2015 - 11:24:23] ~ Stereo turned up
=================== RESTART ===================
GPIO set up
Connected to MPD
Thread started
[22 Mar 2015 - 13:30:43] ~ Stereo shut down
[23 Mar 2015 - 05:29:59] ~ Stereo turned up
[23 Mar 2015 - 05:41:14] ~ Stereo shut down
[23 Mar 2015 - 06:08:12] ~ Stereo turned up
[23 Mar 2015 - 06:23:49] ~ Stereo shut down
[23 Mar 2015 - 06:24:55] ~ Stereo turned up
[23 Mar 2015 - 06:30:05] ~ Stereo shut down
[23 Mar 2015 - 08:09:23] ~ Stereo turned up
[23 Mar 2015 - 08:31:37] ~ Stereo shut down
[23 Mar 2015 - 08:47:48] ~ Stereo turned up
=================== RESTART ===================
GPIO set up
Connected to MPD
Thread started
[23 Mar 2015 - 12:30:38] ~ Stereo shut down
[23 Mar 2015 - 14:30:00] ~ Stereo turned up
=================== RESTART ===================
GPIO set up
Connected to MPD
Thread started
[23 Mar 2015 - 14:45:54] ~ Stereo shut down
[23 Mar 2015 - 16:17:07] ~ Stereo turned up
[23 Mar 2015 - 16:26:59] ~ Stereo shut down
[23 Mar 2015 - 20:04:57] ~ Stereo turned up
[23 Mar 2015 - 20:30:25] ~ Stereo shut down
[23 Mar 2015 - 20:37:25] ~ Stereo turned up
=================== RESTART ===================
GPIO set up
Connected to MPD
Thread started
[24 Mar 2015 - 03:05:54] ~ Stereo shut down
[25 Mar 2015 - 00:05:47] ~ Stereo turned up
[25 Mar 2015 - 01:05:19] ~ Stereo shut down
[25 Mar 2015 - 01:13:51] ~ Stereo turned up
=================== RESTART ===================
GPIO set up
Connected to MPD
Thread started
[25 Mar 2015 - 04:08:21] ~ Stereo shut down
[25 Mar 2015 - 19:04:53] ~ Stereo turned up
[25 Mar 2015 - 19:25:30] ~ Stereo shut down
[25 Mar 2015 - 19:50:11] ~ Stereo turned up
[25 Mar 2015 - 19:55:25] ~ Stereo shut down
[26 Mar 2015 - 12:58:07] ~ Stereo turned up
[26 Mar 2015 - 13:13:28] ~ Stereo shut down
=================== RESTART ===================
GPIO set up
Connected to MPD
Thread started
[27 Mar 2015 - 10:26:00] ~ Stereo shut down
[27 Mar 2015 - 18:40:53] ~ Stereo turned up
[27 Mar 2015 - 18:49:14] ~ Stereo shut down
[27 Mar 2015 - 19:40:51] ~ Stereo turned up
[27 Mar 2015 - 19:53:01] ~ Stereo shut down
[29 Mar 2015 - 22:58:07] ~ Stereo turned up
[29 Mar 2015 - 23:32:02] ~ Stereo shut down
[31 Mar 2015 - 00:54:03] ~ Stereo turned up
=================== RESTART ===================
GPIO set up
Connected to MPD
Thread started
[31 Mar 2015 - 01:10:51] ~ Stereo shut down
[31 Mar 2015 - 21:45:06] ~ Stereo turned up
[31 Mar 2015 - 21:52:18] ~ Stereo shut down
[31 Mar 2015 - 22:10:08] ~ Stereo turned up
[31 Mar 2015 - 22:26:30] ~ Stereo shut down
[31 Mar 2015 - 23:06:18] ~ Stereo turned up
[31 Mar 2015 - 23:11:28] ~ Stereo shut down
[31 Mar 2015 - 23:12:00] ~ Stereo turned up
[31 Mar 2015 - 23:24:16] ~ Stereo shut down
[02 Apr 2015 - 13:14:15] ~ Stereo turned up
[02 Apr 2015 - 13:22:22] ~ Stereo shut down
[02 Apr 2015 - 13:55:58] ~ Stereo turned up
[02 Apr 2015 - 14:03:54] ~ Stereo shut down
[02 Apr 2015 - 21:46:40] ~ Stereo turned up
[02 Apr 2015 - 21:51:45] ~ Stereo shut down
=================== RESTART ===================
GPIO set up
Connected to MPD
Thread started
[06 Apr 2015 - 09:22:38] ~ Stereo shut down
=================== RESTART ===================
GPIO set up
Connected to MPD
Thread started
[06 Apr 2015 - 15:54:11] ~ Stereo shut down
[06 Apr 2015 - 15:56:34] ~ Stereo turned up
[06 Apr 2015 - 16:23:52] ~ Stereo shut down
[06 Apr 2015 - 16:34:28] ~ Stereo turned up
=================== RESTART ===================
GPIO set up
Connected to MPD
Thread started
[06 Apr 2015 - 17:08:54] ~ Stereo shut down
=================== RESTART ===================
GPIO set up
Connected to MPD
Thread started
[07 Apr 2015 - 12:07:02] ~ Stereo shut down
[08 Apr 2015 - 06:41:39] ~ Stereo turned up
[08 Apr 2015 - 06:53:58] ~ Stereo shut down
[08 Apr 2015 - 16:15:41] ~ Stereo turned up
[08 Apr 2015 - 16:28:07] ~ Stereo shut down
[09 Apr 2015 - 16:55:14] ~ Stereo turned up
[09 Apr 2015 - 17:01:56] ~ Stereo shut down
[11 Apr 2015 - 13:17:56] ~ Stereo turned up
=================== RESTART ===================
GPIO set up
Connected to MPD
Thread started
[15 Apr 2015 - 14:55:01] ~ Stereo shut down
[16 Apr 2015 - 09:50:14] ~ Stereo turned up
[16 Apr 2015 - 10:18:11] ~ Stereo shut down
[16 Apr 2015 - 12:38:44] ~ Stereo turned up
[16 Apr 2015 - 12:43:52] ~ Stereo shut down
[16 Apr 2015 - 22:16:39] ~ Stereo turned up
[16 Apr 2015 - 22:23:35] ~ Stereo shut down
[17 Apr 2015 - 16:06:08] ~ Stereo turned up
[17 Apr 2015 - 16:15:19] ~ Stereo shut down
[18 Apr 2015 - 12:05:06] ~ Stereo turned up
[18 Apr 2015 - 12:11:19] ~ Stereo shut down
[18 Apr 2015 - 12:26:56] ~ Stereo turned up
[18 Apr 2015 - 12:37:36] ~ Stereo shut down
[18 Apr 2015 - 14:11:36] ~ Stereo turned up
[18 Apr 2015 - 14:22:16] ~ Stereo shut down
[18 Apr 2015 - 14:43:49] ~ Stereo turned up
[18 Apr 2015 - 14:52:55] ~ Stereo shut down
[18 Apr 2015 - 17:00:25] ~ Stereo turned up
=================== RESTART ===================
GPIO set up
Connected to MPD
Thread started
[18 Apr 2015 - 17:19:56] ~ Stereo shut down
[18 Apr 2015 - 17:25:43] ~ Stereo turned up
[18 Apr 2015 - 17:34:42] ~ Stereo shut down
[18 Apr 2015 - 17:43:19] ~ Stereo turned up
[18 Apr 2015 - 17:51:10] ~ Stereo shut down
[18 Apr 2015 - 22:35:32] ~ Stereo turned up
[18 Apr 2015 - 23:16:00] ~ Stereo shut down
[19 Apr 2015 - 08:41:53] ~ Stereo turned up
[19 Apr 2015 - 08:53:01] ~ Stereo shut down
[19 Apr 2015 - 09:43:00] ~ Stereo turned up
=================== RESTART ===================
GPIO set up
Connected to MPD
Thread started
=================== RESTART ===================
GPIO set up
Connected to MPD
Thread started
=================== RESTART ===================
GPIO set up
Connected to MPD
Thread started
[19 Apr 2015 - 10:03:44] ~ Stereo shut down
[19 Apr 2015 - 12:13:44] ~ Stereo turned up
=================== RESTART ===================
GPIO set up
Connected to MPD
Thread started
=================== RESTART ===================
GPIO set up
Connected to MPD
Thread started
[19 Apr 2015 - 12:37:05] ~ Stereo shut down
[19 Apr 2015 - 13:45:42] ~ Stereo turned up
[19 Apr 2015 - 13:50:50] ~ Stereo shut down
=================== RESTART ===================
GPIO set up
Connected to MPD
Thread started
[19 Apr 2015 - 14:14:29] ~ Stereo shut down
[19 Apr 2015 - 14:16:41] ~ Stereo turned up
=================== RESTART ===================
GPIO set up
Connected to MPD
Thread started
[20 Apr 2015 - 14:21:38] ~ Stereo shut down
[20 Apr 2015 - 15:31:20] ~ Stereo turned up
[20 Apr 2015 - 15:42:11] ~ Stereo shut down
[21 Apr 2015 - 15:02:59] ~ Stereo turned up
[21 Apr 2015 - 15:08:57] ~ Stereo shut down
[21 Apr 2015 - 15:46:06] ~ Stereo turned up
[21 Apr 2015 - 16:10:03] ~ Stereo shut down
[21 Apr 2015 - 18:07:58] ~ Stereo turned up
[21 Apr 2015 - 18:22:03] ~ Stereo shut down
[22 Apr 2015 - 15:46:04] ~ Stereo turned up
[22 Apr 2015 - 15:58:54] ~ Stereo shut down
[23 Apr 2015 - 12:41:02] ~ Stereo turned up
[23 Apr 2015 - 12:46:49] ~ Stereo shut down
[23 Apr 2015 - 15:25:23] ~ Stereo turned up
[23 Apr 2015 - 15:43:49] ~ Stereo shut down
[23 Apr 2015 - 17:51:56] ~ Stereo turned up
=================== RESTART ===================
GPIO set up
Connected to MPD
Thread started
[23 Apr 2015 - 21:13:40] ~ Stereo shut down
[24 Apr 2015 - 12:35:00] ~ Stereo turned up
[24 Apr 2015 - 12:42:38] ~ Stereo shut down
[24 Apr 2015 - 12:53:16] ~ Stereo turned up
[24 Apr 2015 - 13:03:45] ~ Stereo shut down
[24 Apr 2015 - 13:59:18] ~ Stereo turned up
[24 Apr 2015 - 14:07:16] ~ Stereo shut down
[24 Apr 2015 - 18:51:26] ~ Stereo turned up
[24 Apr 2015 - 19:09:50] ~ Stereo shut down
[24 Apr 2015 - 19:51:56] ~ Stereo turned up
[24 Apr 2015 - 19:57:41] ~ Stereo shut down
[25 Apr 2015 - 13:50:30] ~ Stereo turned up
[25 Apr 2015 - 13:55:37] ~ Stereo shut down
[25 Apr 2015 - 15:43:59] ~ Stereo turned up
[25 Apr 2015 - 15:53:02] ~ Stereo shut down
[25 Apr 2015 - 18:08:45] ~ Stereo turned up
[25 Apr 2015 - 18:14:35] ~ Stereo shut down
[25 Apr 2015 - 18:14:47] ~ Stereo turned up
=================== RESTART ===================
GPIO set up
Connected to MPD
Thread started
[26 Apr 2015 - 16:13:59] ~ Stereo shut down
[26 Apr 2015 - 16:23:20] ~ Stereo turned up
[26 Apr 2015 - 16:34:26] ~ Stereo shut down
=================== RESTART ===================
GPIO set up
Connected to MPD
Thread started
[27 Apr 2015 - 11:41:33] ~ Stereo shut down
[27 Apr 2015 - 12:49:02] ~ Stereo turned up
[27 Apr 2015 - 12:56:34] ~ Stereo shut down
[27 Apr 2015 - 14:04:35] ~ Stereo turned up
[27 Apr 2015 - 14:13:08] ~ Stereo shut down
[28 Apr 2015 - 06:48:14] ~ Stereo turned up
[28 Apr 2015 - 06:53:48] ~ Stereo shut down
[28 Apr 2015 - 14:23:26] ~ Stereo turned up
[28 Apr 2015 - 14:29:28] ~ Stereo shut down
[28 Apr 2015 - 14:45:44] ~ Stereo turned up
[28 Apr 2015 - 15:06:39] ~ Stereo shut down
=================== RESTART ===================
GPIO set up
Connected to MPD
Thread started
=================== RESTART ===================
GPIO set up
Connected to MPD
Thread started
[28 Apr 2015 - 16:09:27] ~ Stereo shut down
[29 Apr 2015 - 12:10:50] ~ Stereo turned up
[29 Apr 2015 - 12:18:26] ~ Stereo shut down
[30 Apr 2015 - 18:55:20] ~ Stereo turned up
[30 Apr 2015 - 19:33:12] ~ Stereo shut down
[01 May 2015 - 09:21:38] ~ Stereo turned up
[01 May 2015 - 09:36:24] ~ Stereo shut down
[01 May 2015 - 12:05:20] ~ Stereo turned up
[01 May 2015 - 12:22:58] ~ Stereo shut down
[01 May 2015 - 12:24:56] ~ Stereo turned up
[01 May 2015 - 12:51:08] ~ Stereo shut down
[01 May 2015 - 12:51:12] ~ Stereo turned up
[01 May 2015 - 13:02:30] ~ Stereo shut down
[02 May 2015 - 13:16:11] ~ Stereo turned up
[02 May 2015 - 13:55:21] ~ Stereo shut down
[02 May 2015 - 14:34:54] ~ Stereo turned up
[02 May 2015 - 14:41:19] ~ Stereo shut down
[02 May 2015 - 14:52:16] ~ Stereo turned up
[02 May 2015 - 14:58:05] ~ Stereo shut down
[03 May 2015 - 12:58:55] ~ Stereo turned up
[03 May 2015 - 13:04:03] ~ Stereo shut down
[03 May 2015 - 13:43:02] ~ Stereo turned up
[03 May 2015 - 13:51:27] ~ Stereo shut down
[03 May 2015 - 18:27:38] ~ Stereo turned up
[03 May 2015 - 18:43:58] ~ Stereo shut down
[05 May 2015 - 08:43:25] ~ Stereo turned up
[05 May 2015 - 08:51:19] ~ Stereo shut down
[05 May 2015 - 10:09:18] ~ Stereo turned up
=================== RESTART ===================
GPIO set up
Connected to MPD
Thread started
=================== RESTART ===================
GPIO set up
Connected to MPD
Thread started
=================== RESTART ===================
GPIO set up
Connected to MPD
Thread started
[05 May 2015 - 11:29:48] ~ Stereo shut down
[05 May 2015 - 11:30:08] ~ Stereo turned up
[05 May 2015 - 11:35:17] ~ Stereo shut down
[05 May 2015 - 11:56:41] ~ Stereo turned up
[05 May 2015 - 12:08:00] ~ Stereo shut down
[05 May 2015 - 12:16:22] ~ Stereo turned up
[05 May 2015 - 12:21:27] ~ Stereo shut down
[05 May 2015 - 17:48:50] ~ Stereo turned up
[05 May 2015 - 18:07:44] ~ Stereo shut down
[05 May 2015 - 20:03:46] ~ Stereo turned up
[05 May 2015 - 20:10:05] ~ Stereo shut down
[05 May 2015 - 20:10:45] ~ Stereo turned up
[05 May 2015 - 20:25:04] ~ Stereo shut down
[05 May 2015 - 20:32:04] ~ Stereo turned up
[05 May 2015 - 20:51:15] ~ Stereo shut down
[06 May 2015 - 15:21:57] ~ Stereo turned up
[06 May 2015 - 15:27:57] ~ Stereo shut down
[07 May 2015 - 12:18:02] ~ Stereo turned up
[07 May 2015 - 12:27:44] ~ Stereo shut down
[07 May 2015 - 16:32:45] ~ Stereo turned up
[07 May 2015 - 16:53:42] ~ Stereo shut down
=================== RESTART ===================
GPIO set up
Connected to MPD
Thread started
=================== RESTART ===================
GPIO set up
Connected to MPD
Thread started
[08 May 2015 - 01:51:33] ~ Stereo shut down
=================== RESTART ===================
GPIO set up
Connected to MPD
Thread started
[08 May 2015 - 01:23:53] ~ Stereo shut down
[08 May 2015 - 15:26:41] ~ Stereo turned up
[08 May 2015 - 15:32:02] ~ Stereo shut down
[08 May 2015 - 15:52:34] ~ Stereo turned up
=================== RESTART ===================
GPIO set up
Connected to MPD
Thread started
[10 May 2015 - 10:11:11] ~ Stereo shut down
[11 May 2015 - 17:44:27] ~ Stereo turned up
[11 May 2015 - 18:03:40] ~ Stereo shut down
[11 May 2015 - 19:42:05] ~ Stereo turned up
[11 May 2015 - 19:50:25] ~ Stereo shut down
[13 May 2015 - 17:15:55] ~ Stereo turned up
[13 May 2015 - 17:26:18] ~ Stereo shut down
[15 May 2015 - 15:44:04] ~ Stereo turned up
=================== RESTART ===================
GPIO set up
Connected to MPD
Thread started
[18 May 2015 - 10:24:47] ~ Stereo shut down
[18 May 2015 - 11:51:17] ~ Stereo turned up
=================== RESTART ===================
GPIO set up
Connected to MPD
Thread started
[18 May 2015 - 12:09:18] ~ Stereo shut down
=================== RESTART ===================
GPIO set up
Connected to MPD
Thread started
[20 May 2015 - 15:11:11] ~ Stereo shut down
[20 May 2015 - 16:15:47] ~ Stereo turned up
[20 May 2015 - 16:21:46] ~ Stereo shut down
=================== RESTART ===================
GPIO set up
Connected to MPD
Thread started
[25 May 2015 - 23:26:11] ~ Stereo shut down
=================== RESTART ===================
GPIO set up
Connected to MPD
Thread started
[26 May 2015 - 12:23:56] ~ Stereo shut down
[26 May 2015 - 13:55:48] ~ Stereo turned up
[26 May 2015 - 14:01:01] ~ Stereo shut down
[26 May 2015 - 15:15:41] ~ Stereo turned up
[26 May 2015 - 15:32:31] ~ Stereo shut down
[26 May 2015 - 21:14:42] ~ Stereo turned up
[26 May 2015 - 21:23:06] ~ Stereo shut down
[27 May 2015 - 15:09:04] ~ Stereo turned up
[27 May 2015 - 15:27:05] ~ Stereo shut down
[27 May 2015 - 17:53:42] ~ Stereo turned up
[27 May 2015 - 18:06:01] ~ Stereo shut down
[28 May 2015 - 06:06:18] ~ Stereo turned up
[28 May 2015 - 06:16:39] ~ Stereo shut down
[28 May 2015 - 15:20:28] ~ Stereo turned up
[28 May 2015 - 16:02:10] ~ Stereo shut down
[29 May 2015 - 20:27:03] ~ Stereo turned up
[29 May 2015 - 20:43:38] ~ Stereo shut down
=================== RESTART ===================
GPIO set up
Connected to MPD
Thread started
[31 May 2015 - 18:36:49] ~ Stereo shut down
[31 May 2015 - 18:37:05] ~ Stereo turned up
=================== RESTART ===================
GPIO set up
Connected to MPD
Thread started
[07 Jun 2015 - 04:23:53] ~ Stereo shut down
=================== RESTART ===================
GPIO set up
Connected to MPD
Thread started
[07 Jun 2015 - 06:28:27] ~ Stereo shut down
=================== RESTART ===================
GPIO set up
Connected to MPD
Thread started
=================== RESTART ===================
GPIO set up
Connected to MPD
Thread started
=================== RESTART ===================
GPIO set up
Connected to MPD
Thread started
=================== RESTART ===================
GPIO set up
Connected to MPD
Thread started
[09 Jun 2015 - 18:27:26] ~ Stereo shut down
[10 Jun 2015 - 10:31:44] ~ Stereo turned up
=================== RESTART ===================
=================== RESTART ===================
GPIO set up
Connected to MPD
Thread started
=================== RESTART ===================
GPIO set up
Linked to Spotify
Connected to MPD
Thread started
=================== RESTART ===================
GPIO set up
Linked to Spotify
Connected to MPD
Thread started
[10 Jun 2015 - 11:27:23] ~ Stereo shut down
[10 Jun 2015 - 11:27:27] ~ Stereo turned up
=================== RESTART ===================
GPIO set up
Linked to Spotify
Connected to MPD
Thread started
[10 Jun 2015 - 11:31:19] ~ Stereo shut down
[10 Jun 2015 - 11:31:21] ~ Stereo turned up
=================== RESTART ===================
GPIO set up
=================== RESTART ===================
GPIO set up
=================== RESTART ===================
GPIO set up
Linked to Spotify
Connected to MPD
Thread started
[10 Jun 2015 - 12:20:47] ~ Stereo shut down
[10 Jun 2015 - 12:29:15] ~ Stereo turned up
[10 Jun 2015 - 12:38:29] ~ Stereo shut down
[10 Jun 2015 - 17:11:54] ~ Stereo turned up
[10 Jun 2015 - 17:18:57] ~ Stereo shut down
[11 Jun 2015 - 12:18:27] ~ Stereo turned up
=================== RESTART ===================
GPIO set up
Linked to Spotify
Connected to MPD
Thread started
[12 Jun 2015 - 13:59:57] ~ Stereo shut down
[12 Jun 2015 - 15:33:16] ~ Stereo turned up
[12 Jun 2015 - 16:11:59] ~ Stereo shut down
=================== RESTART ===================
GPIO set up
=================== RESTART ===================
GPIO set up
=================== RESTART ===================
GPIO set up
Linked to Spotify
Connected to MPD
Thread started
[12 Jun 2015 - 21:49:48] ~ Stereo shut down
[13 Jun 2015 - 08:33:32] ~ Stereo turned up
[13 Jun 2015 - 08:48:31] ~ Stereo shut down
[13 Jun 2015 - 09:05:59] ~ Stereo turned up
[13 Jun 2015 - 09:51:25] ~ Stereo shut down
=================== RESTART ===================
GPIO set up
=================== RESTART ===================
GPIO set up
=================== RESTART ===================
GPIO set up
=================== RESTART ===================
=================== RESTART ===================
GPIO set up
Linked to Spotify
Connected to MPD
Thread started

=================== RESTART ===================
GPIO set up
Linked to Spotify
Connected to MPD
Thread started
=================== RESTART ===================
GPIO set up
Linked to Spotify
Connected to MPD
Thread started
=================== RESTART ===================
GPIO set up
Linked to Spotify
Connected to MPD
Thread started
=================== RESTART ===================
GPIO set up
Linked to Spotify
Connected to MPD
Thread started
[13 Jun 2015 - 18:03:50] ~ Stereo shut down
=================== RESTART ===================
GPIO set up
Linked to Spotify
Connected to MPD
Thread started
=================== RESTART ===================
GPIO set up
Linked to Spotify
Connected to MPD
Thread started
[13 Jun 2015 - 18:05:49] ~ Stereo shut down
[13 Jun 2015 - 18:06:13] ~ Stereo turned up
[13 Jun 2015 - 18:11:26] ~ Stereo shut down
=================== RESTART ===================
GPIO set up
Linked to Spotify
Connected to MPD
Thread started
=================== RESTART ===================
GPIO set up
Linked to Spotify
Connected to MPD
Thread started
=================== RESTART ===================
GPIO set up
Linked to Spotify
Connected to MPD
Thread started
=================== RESTART ===================
GPIO set up
Linked to Spotify
Connected to MPD
Thread started
=================== RESTART ===================
GPIO set up
Linked to Spotify
Connected to MPD
Thread started
=================== RESTART ===================
GPIO set up
Linked to Spotify
Connected to MPD
Thread started
=================== RESTART ===================
GPIO set up
Linked to Spotify
Connected to MPD
Thread started
=================== RESTART ===================
GPIO set up
Linked to Spotify
Connected to MPD
Thread started
Disattivato
Attivato
Disattivato
Attivato
Disattivato
=================== RESTART ===================
GPIO set up
Linked to Spotify
Connected to MPD
Thread started
=================== RESTART ===================
GPIO set up
=================== RESTART ===================
GPIO set up
Linked to Spotify
Connected to MPD
Thread started
Disattivato
Attivato
Disattivato
Attivato
Disattivato
Attivato
Disattivato
Attivato
Disattivato
Attivato
Disattivato
=================== RESTART ===================
GPIO set up
Linked to Spotify
Connected to MPD
Thread started
Disattivato
Attivato
Disattivato
Attivato
Disattivato
Attivato
Disattivato
=================== RESTART ===================
GPIO set up
Linked to Spotify
Connected to MPD
Thread started
=================== RESTART ===================
GPIO set up
Linked to Spotify
Connected to MPD
Thread started
[13 Jun 2015 - 18:45:39] ~ Stereo shut down
[13 Jun 2015 - 18:47:39] ~ Stereo turned up
Check routine disabled
Check routine enabled
Check routine disabled
Check routine enabled
Check routine disabled
Check routine enabled
=================== RESTART ===================
GPIO set up
Linked to Spotify
=================== RESTART ===================
GPIO set up
Linked to Spotify
Connected to MPD
Thread started
Check routine disabled
=================== RESTART ===================
GPIO set up
=================== RESTART ===================
GPIO set up
Linked to Spotify
Connected to MPD
Thread started
Check routine disabled
Check routine enabled
=================== RESTART ===================
GPIO set up
Linked to Spotify
Connected to MPD
Thread started
Check routine disabled
Check routine enabled
Check routine disabled
Check routine enabled
[13 Jun 2015 - 19:44:42] ~ Stereo shut down
[13 Jun 2015 - 19:50:52] ~ Stereo turned up
[13 Jun 2015 - 19:59:05] ~ Stereo shut down
[13 Jun 2015 - 21:13:14] ~ Stereo turned up
Check routine disabled
Check routine enabled
